<?xml version="1.0" encoding="utf-8"?><testsuites name="pytest tests"><testsuite name="pytest" errors="0" failures="0" skipped="0" tests="12" time="3.134" timestamp="2026-01-28T20:53:37.588498+00:00" hostname="agent-env-b3a4d9c0-95a2-46a3-9af4-fa86a66595f0"><testcase classname="tests.test_campaign_application.TestCampaignApplicationFlow" name="test_01_login_and_get_token" time="0.351" /><testcase classname="tests.test_campaign_application.TestCampaignApplicationFlow" name="test_02_get_creator_profile" time="0.307" /><testcase classname="tests.test_campaign_application.TestCampaignApplicationFlow" name="test_03_get_available_campaigns" time="0.044" /><testcase classname="tests.test_campaign_application.TestCampaignApplicationFlow" name="test_04_apply_to_campaign_without_auth" time="0.034" /><testcase classname="tests.test_campaign_application.TestCampaignApplicationFlow" name="test_05_apply_to_campaign_with_auth" time="0.343" /><testcase classname="tests.test_campaign_application.TestCampaignApplicationFlow" name="test_06_apply_to_nonexistent_campaign" time="0.297" /><testcase classname="tests.test_campaign_application.TestCampaignApplicationFlow" name="test_07_get_my_applications" time="0.307" /><testcase classname="tests.test_campaign_application.TestCampaignApplicationFlow" name="test_08_response_format_is_valid_json" time="0.410" /><testcase classname="tests.test_campaign_application.TestCampaignApplicationFlow" name="test_09_error_response_format" time="0.299" /><testcase classname="tests.test_campaign_application.TestAuthorizationHeader" name="test_01_apply_endpoint_requires_auth_header" time="0.036" /><testcase classname="tests.test_campaign_application.TestAuthorizationHeader" name="test_02_apply_endpoint_accepts_valid_token" time="0.341" /><testcase classname="tests.test_campaign_application.TestCleanup" name="test_cleanup_test_applications" time="0.299" /></testsuite></testsuites>