<?xml version="1.0" encoding="utf-8"?><testsuites name="pytest tests"><testsuite name="pytest" errors="0" failures="0" skipped="0" tests="10" time="1.755" timestamp="2026-01-10T15:43:46.445318+00:00" hostname="agent-env-b145e2a8-321b-4a83-8fc4-49e158df45fe"><testcase classname="tests.test_first_purchase_discount.TestFirstPurchaseDiscountEndpoint" name="test_first_purchase_discount_unauthenticated" time="0.056" /><testcase classname="tests.test_first_purchase_discount.TestFirstPurchaseDiscountEndpoint" name="test_first_purchase_discount_authenticated" time="0.267" /><testcase classname="tests.test_first_purchase_discount.TestFirstPurchaseDiscountEndpoint" name="test_first_purchase_discount_response_structure" time="0.271" /><testcase classname="tests.test_first_purchase_discount.TestAutoApplyFirstPurchaseEndpoint" name="test_auto_apply_unauthenticated" time="0.042" /><testcase classname="tests.test_first_purchase_discount.TestAutoApplyFirstPurchaseEndpoint" name="test_auto_apply_authenticated" time="0.320" /><testcase classname="tests.test_first_purchase_discount.TestAutoApplyFirstPurchaseEndpoint" name="test_auto_apply_discount_calculation" time="0.338" /><testcase classname="tests.test_first_purchase_discount.TestCouponApplyEndpoint" name="test_apply_welcome_coupon" time="0.271" /><testcase classname="tests.test_first_purchase_discount.TestCouponApplyEndpoint" name="test_apply_invalid_coupon" time="0.076" /><testcase classname="tests.test_first_purchase_discount.TestCheckoutPageIntegration" name="test_checkout_page_loads" time="0.033" /><testcase classname="tests.test_first_purchase_discount.TestCheckoutPageIntegration" name="test_store_location_endpoint" time="0.032" /></testsuite></testsuites>