<?xml version="1.0" encoding="utf-8"?><testsuites name="pytest tests"><testsuite name="pytest" errors="0" failures="0" skipped="0" tests="12" time="1.683" timestamp="2026-01-15T18:39:41.074746+00:00" hostname="agent-env-4e1a224c-1744-454c-98e6-0ca8e5d05f2e"><testcase classname="tests.test_application_cancellation.TestApplicationCancellation" name="test_admin_campaigns_endpoint_available" time="0.340" /><testcase classname="tests.test_application_cancellation.TestApplicationCancellation" name="test_admin_applications_endpoint_available" time="0.087" /><testcase classname="tests.test_application_cancellation.TestApplicationCancellation" name="test_admin_update_application_status_endpoint_exists" time="0.042" /><testcase classname="tests.test_application_cancellation.TestApplicationCancellation" name="test_admin_can_cancel_confirmed_application" time="0.436" /><testcase classname="tests.test_application_cancellation.TestApplicationCancellation" name="test_admin_cancellation_updates_status" time="0.089" /><testcase classname="tests.test_application_cancellation.TestApplicationCancellation" name="test_creator_withdraw_endpoint_exists" time="0.039" /><testcase classname="tests.test_application_cancellation.TestApplicationCancellation" name="test_creator_applications_me_endpoint" time="0.042" /><testcase classname="tests.test_application_cancellation.TestApplicationCancellation" name="test_application_status_includes_cancelled" time="0.082" /><testcase classname="tests.test_application_cancellation.TestApplicationCancellation" name="test_campaign_slots_tracking" time="0.043" /><testcase classname="tests.test_application_cancellation.TestApplicationCancellation" name="test_full_cancellation_flow_admin" time="0.085" /><testcase classname="tests.test_application_cancellation.TestCreatorApplicationsPage" name="test_creator_dashboard_link_to_applications" time="0.305" /><testcase classname="tests.test_application_cancellation.TestCreatorApplicationsPage" name="test_applications_filter_by_status" time="0.039" /></testsuite></testsuites>