<?xml version="1.0" encoding="utf-8"?><testsuites name="pytest tests"><testsuite name="pytest" errors="0" failures="4" skipped="0" tests="14" time="1.269" timestamp="2026-01-23T02:34:57.464011+00:00" hostname="agent-env-cf92572d-2060-4d65-bb7b-cdede909e18c"><testcase classname="tests.test_deliverable_detail.TestDeliverableDetailAPI" name="test_get_deliverable_requires_auth" time="0.059" /><testcase classname="tests.test_deliverable_detail.TestDeliverableDetailAPI" name="test_get_deliverable_success" time="0.305" /><testcase classname="tests.test_deliverable_detail.TestDeliverableDetailAPI" name="test_get_deliverable_not_found" time="0.038" /><testcase classname="tests.test_deliverable_detail.TestDeliverableDetailAPI" name="test_deliverable_has_platform_info" time="0.044" /><testcase classname="tests.test_deliverable_detail.TestPublishEndpoint" name="test_publish_requires_auth" time="0.034" /><testcase classname="tests.test_deliverable_detail.TestPublishEndpoint" name="test_publish_validates_instagram_url" time="0.078" /><testcase classname="tests.test_deliverable_detail.TestPublishEndpoint" name="test_publish_with_valid_instagram_url" time="0.040"><failure message="assert 400 in [200, 403, 404]&#10; +  where 400 = &lt;Response [400]&gt;.status_code">tests/test_deliverable_detail.py:127: in test_publish_with_valid_instagram_url
    assert response.status_code in [200, 403, 404]
E   assert 400 in [200, 403, 404]
E    +  where 400 = &lt;Response [400]&gt;.status_code</failure></testcase><testcase classname="tests.test_deliverable_detail.TestPublishEndpoint" name="test_publish_with_tiktok_url" time="0.038"><failure message="assert 400 in [200, 403, 404]&#10; +  where 400 = &lt;Response [400]&gt;.status_code">tests/test_deliverable_detail.py:139: in test_publish_with_tiktok_url
    assert response.status_code in [200, 403, 404]
E   assert 400 in [200, 403, 404]
E    +  where 400 = &lt;Response [400]&gt;.status_code</failure></testcase><testcase classname="tests.test_deliverable_detail.TestPublishEndpoint" name="test_publish_with_both_urls" time="0.042"><failure message="assert 400 in [200, 403, 404]&#10; +  where 400 = &lt;Response [400]&gt;.status_code">tests/test_deliverable_detail.py:152: in test_publish_with_both_urls
    assert response.status_code in [200, 403, 404]
E   assert 400 in [200, 403, 404]
E    +  where 400 = &lt;Response [400]&gt;.status_code</failure></testcase><testcase classname="tests.test_deliverable_detail.TestAuthEndpoints" name="test_login_success" time="0.269" /><testcase classname="tests.test_deliverable_detail.TestAuthEndpoints" name="test_login_invalid_credentials" time="0.034" /><testcase classname="tests.test_deliverable_detail.TestAuthEndpoints" name="test_auth_me_requires_token" time="0.036" /><testcase classname="tests.test_deliverable_detail.TestAuthEndpoints" name="test_auth_me_with_valid_token" time="0.042" /><testcase classname="tests.test_deliverable_detail.TestDeliverableStatusConfig" name="test_awaiting_publish_status" time="0.042"><failure message="AssertionError: assert 'published' == 'awaiting_publish'&#10;  &#10;  - awaiting_publish&#10;  + published">tests/test_deliverable_detail.py:204: in test_awaiting_publish_status
    assert data["status"] == "awaiting_publish"
E   AssertionError: assert 'published' == 'awaiting_publish'
E     
E     - awaiting_publish
E     + published</failure></testcase></testsuite></testsuites>