<?xml version="1.0" encoding="utf-8"?><testsuites name="pytest tests"><testsuite name="pytest" errors="0" failures="0" skipped="6" tests="13" time="0.782" timestamp="2026-01-25T05:25:59.089906+00:00" hostname="agent-env-94885369-8ef1-49c7-a34e-efd842ef040f"><testcase classname="tests.test_metrics_submit_v2_bug_fix.TestSubmitV2CreatesSeparateRecords" name="test_submit_v2_endpoint_exists" time="0.328" /><testcase classname="tests.test_metrics_submit_v2_bug_fix.TestSubmitV2CreatesSeparateRecords" name="test_submit_v2_requires_at_least_one_screenshot" time="0.077"><skipped type="pytest.skip" message="No suitable deliverable found for testing. Need a deliverable without metrics.">/app/backend/tests/test_metrics_submit_v2_bug_fix.py:117: No suitable deliverable found for testing. Need a deliverable without metrics.</skipped></testcase><testcase classname="tests.test_metrics_submit_v2_bug_fix.TestSubmitV2CreatesSeparateRecords" name="test_submit_v2_creates_separate_records_for_both_platforms" time="0.000"><skipped type="pytest.skip" message="No suitable deliverable found for testing. Need a deliverable without metrics.">/app/backend/tests/test_metrics_submit_v2_bug_fix.py:130: No suitable deliverable found for testing. Need a deliverable without metrics.</skipped></testcase><testcase classname="tests.test_metrics_submit_v2_bug_fix.TestSubmitV2ValidationPerPlatform" name="test_validation_rejects_duplicate_instagram" time="0.000"><skipped type="pytest.skip" message="No suitable deliverable found for testing. Need a deliverable without metrics.">/app/backend/tests/test_metrics_submit_v2_bug_fix.py:184: No suitable deliverable found for testing. Need a deliverable without metrics.</skipped></testcase><testcase classname="tests.test_metrics_submit_v2_bug_fix.TestSubmitV2ValidationPerPlatform" name="test_validation_rejects_duplicate_tiktok" time="0.000"><skipped type="pytest.skip" message="No suitable deliverable found for testing. Need a deliverable without metrics.">/app/backend/tests/test_metrics_submit_v2_bug_fix.py:202: No suitable deliverable found for testing. Need a deliverable without metrics.</skipped></testcase><testcase classname="tests.test_metrics_submit_v2_bug_fix.TestGetMyMetricsReturnsBothPlatforms" name="test_get_my_metrics_returns_200" time="0.040" /><testcase classname="tests.test_metrics_submit_v2_bug_fix.TestGetMyMetricsReturnsBothPlatforms" name="test_get_my_metrics_has_metrics_array" time="0.042" /><testcase classname="tests.test_metrics_submit_v2_bug_fix.TestGetMyMetricsReturnsBothPlatforms" name="test_get_my_metrics_returns_both_platforms" time="0.000"><skipped type="pytest.skip" message="No suitable deliverable found for testing. Need a deliverable without metrics.">/app/backend/tests/test_metrics_submit_v2_bug_fix.py:245: No suitable deliverable found for testing. Need a deliverable without metrics.</skipped></testcase><testcase classname="tests.test_metrics_submit_v2_bug_fix.TestGetMyMetricsReturnsBothPlatforms" name="test_metrics_have_correct_structure" time="0.039" /><testcase classname="tests.test_metrics_submit_v2_bug_fix.TestSubmitV2SinglePlatform" name="test_submit_instagram_only_creates_one_record" time="0.084"><skipped type="pytest.skip" message="No suitable deliverable for single platform test">/app/backend/tests/test_metrics_submit_v2_bug_fix.py:334: No suitable deliverable for single platform test</skipped></testcase><testcase classname="tests.test_metrics_submit_v2_bug_fix.TestSubmitV2RequiresAuth" name="test_submit_v2_requires_auth" time="0.037" /><testcase classname="tests.test_metrics_submit_v2_bug_fix.TestSubmitV2RequiresAuth" name="test_get_my_metrics_requires_auth" time="0.041" /><testcase classname="tests.test_metrics_submit_v2_bug_fix.TestSubmitV2ResponseFormat" name="test_response_has_backward_compatible_fields" time="0.042" /></testsuite></testsuites>