<?xml version="1.0" encoding="utf-8"?><testsuites name="pytest tests"><testsuite name="pytest" errors="0" failures="0" skipped="0" tests="10" time="3.701" timestamp="2026-01-27T01:45:35.335965+00:00" hostname="agent-env-d565b1a4-c1e7-4bac-8f5d-c0317b60ed6f"><testcase classname="backend.tests.test_profile_update_redirect.TestProfileCompletenessCheck" name="test_get_creator_me_returns_needs_profile_update" time="0.555" /><testcase classname="backend.tests.test_profile_update_redirect.TestProfileCompletenessCheck" name="test_incomplete_profile_has_needs_update_true" time="0.317" /><testcase classname="backend.tests.test_profile_update_redirect.TestProfileCompletenessCheck" name="test_missing_fields_list_accuracy" time="0.319" /><testcase classname="backend.tests.test_profile_update_redirect.TestCompleteProfileEndpoint" name="test_complete_profile_endpoint_exists" time="0.359" /><testcase classname="backend.tests.test_profile_update_redirect.TestCompleteProfileEndpoint" name="test_complete_profile_requires_auth" time="0.383" /><testcase classname="backend.tests.test_profile_update_redirect.TestCompleteProfileEndpoint" name="test_complete_profile_validates_age" time="0.393" /><testcase classname="backend.tests.test_profile_update_redirect.TestCompleteProfileEndpoint" name="test_complete_profile_requires_terms_acceptance" time="0.351" /><testcase classname="backend.tests.test_profile_update_redirect.TestProfileUpdateFlow" name="test_profile_has_existing_data" time="0.307" /><testcase classname="backend.tests.test_profile_update_redirect.TestProfileUpdateFlow" name="test_successful_profile_update" time="0.381" /><testcase classname="backend.tests.test_profile_update_redirect.TestLoginResponse" name="test_login_returns_has_creator_profile" time="0.271" /></testsuite></testsuites>