<?xml version="1.0" encoding="utf-8"?><testsuites name="pytest tests"><testsuite name="pytest" errors="0" failures="0" skipped="0" tests="20" time="3.130" timestamp="2026-02-16T23:39:52.640619+00:00" hostname="agent-env-38de86d2-0e6a-4605-83a8-93c214fa7e60"><testcase classname="backend.tests.test_metrics_detailed_creator_names.TestMetricsDetailedEndpoint" name="test_endpoint_returns_200" time="0.750" /><testcase classname="backend.tests.test_metrics_detailed_creator_names.TestMetricsDetailedEndpoint" name="test_response_has_metrics_array" time="0.180" /><testcase classname="backend.tests.test_metrics_detailed_creator_names.TestMetricsDetailedEndpoint" name="test_response_has_total_count" time="0.168" /><testcase classname="backend.tests.test_metrics_detailed_creator_names.TestMetricsDetailedEndpoint" name="test_each_metric_has_creator_object" time="0.125" /><testcase classname="backend.tests.test_metrics_detailed_creator_names.TestMetricsDetailedEndpoint" name="test_each_creator_has_name_field" time="0.108" /><testcase classname="backend.tests.test_metrics_detailed_creator_names.TestMetricsDetailedEndpoint" name="test_creator_names_match_expected" time="0.096" /><testcase classname="backend.tests.test_metrics_detailed_creator_names.TestMetricsDetailedEndpoint" name="test_metrics_have_required_fields" time="0.116" /><testcase classname="backend.tests.test_metrics_detailed_creator_names.TestMetricsDetailedEndpoint" name="test_metrics_views_are_numeric" time="0.110" /><testcase classname="backend.tests.test_metrics_detailed_creator_names.TestMetricsDetailedEndpoint" name="test_metrics_likes_are_numeric" time="0.092" /><testcase classname="backend.tests.test_metrics_detailed_creator_names.TestMetricsDetailedEndpoint" name="test_metrics_engagement_rate_is_numeric" time="0.101" /><testcase classname="backend.tests.test_metrics_detailed_creator_names.TestMetricsDetailedEndpoint" name="test_platform_filter_instagram" time="0.071" /><testcase classname="backend.tests.test_metrics_detailed_creator_names.TestMetricsDetailedEndpoint" name="test_platform_filter_all" time="0.076" /><testcase classname="backend.tests.test_metrics_detailed_creator_names.TestMetricsDetailedEndpoint" name="test_month_filter_all" time="0.080" /><testcase classname="backend.tests.test_metrics_detailed_creator_names.TestMetricsDetailedEndpoint" name="test_combined_filters" time="0.134" /><testcase classname="backend.tests.test_metrics_detailed_creator_names.TestMetricsCreatorDataIntegrity" name="test_creator_has_user_id" time="0.076" /><testcase classname="backend.tests.test_metrics_detailed_creator_names.TestMetricsCreatorDataIntegrity" name="test_creator_has_creator_id" time="0.096" /><testcase classname="backend.tests.test_metrics_detailed_creator_names.TestMetricsCreatorDataIntegrity" name="test_creator_names_are_not_default" time="0.155" /><testcase classname="backend.tests.test_metrics_detailed_creator_names.TestMetricsCreatorDataIntegrity" name="test_all_five_creators_have_unique_names" time="0.093" /><testcase classname="backend.tests.test_metrics_detailed_creator_names.TestInvalidCampaignId" name="test_invalid_campaign_returns_404" time="0.276" /><testcase classname="backend.tests.test_metrics_detailed_creator_names.TestUnauthenticatedAccess" name="test_unauthenticated_returns_401" time="0.125" /></testsuite></testsuites>