<?xml version="1.0" encoding="utf-8"?><testsuites name="pytest tests"><testsuite name="pytest" errors="0" failures="0" skipped="0" tests="30" time="6.003" timestamp="2026-02-15T01:20:47.726856+00:00" hostname="agent-env-cbdbd630-5ba2-4d14-a5f4-bd2025a74dfa"><testcase classname="backend.tests.test_ugc_refactor_retrocompat.TestAuthEndpoints" name="test_creator_login" time="0.404" /><testcase classname="backend.tests.test_ugc_refactor_retrocompat.TestAuthEndpoints" name="test_brand_login" time="0.350" /><testcase classname="backend.tests.test_ugc_refactor_retrocompat.TestAuthEndpoints" name="test_invalid_login" time="0.147" /><testcase classname="backend.tests.test_ugc_refactor_retrocompat.TestBrandDashboard" name="test_brand_dashboard_returns_profile" time="0.148" /><testcase classname="backend.tests.test_ugc_refactor_retrocompat.TestBrandDashboard" name="test_brand_dashboard_returns_stats" time="0.146" /><testcase classname="backend.tests.test_ugc_refactor_retrocompat.TestBrandDashboard" name="test_brand_dashboard_returns_campaigns" time="0.150" /><testcase classname="backend.tests.test_ugc_refactor_retrocompat.TestBrandDashboard" name="test_brand_dashboard_returns_recent_applications" time="0.143" /><testcase classname="backend.tests.test_ugc_refactor_retrocompat.TestBrandDashboard" name="test_brand_dashboard_requires_auth" time="0.150" /><testcase classname="backend.tests.test_ugc_refactor_retrocompat.TestBrandCampaignsList" name="test_get_my_campaigns" time="0.139" /><testcase classname="backend.tests.test_ugc_refactor_retrocompat.TestBrandCampaignsList" name="test_get_my_campaigns_requires_brand_profile" time="0.129" /><testcase classname="backend.tests.test_ugc_refactor_retrocompat.TestCampaignDetail" name="test_get_campaign_detail_with_brand_info" time="0.277" /><testcase classname="backend.tests.test_ugc_refactor_retrocompat.TestCampaignDetail" name="test_get_campaign_detail_shows_slots_available" time="0.237" /><testcase classname="backend.tests.test_ugc_refactor_retrocompat.TestCampaignDetail" name="test_campaign_not_found" time="0.138" /><testcase classname="backend.tests.test_ugc_refactor_retrocompat.TestAvailableCampaigns" name="test_get_available_campaigns" time="0.124" /><testcase classname="backend.tests.test_ugc_refactor_retrocompat.TestAvailableCampaigns" name="test_available_campaigns_include_brand_info" time="0.114" /><testcase classname="backend.tests.test_ugc_refactor_retrocompat.TestAvailableCampaigns" name="test_available_campaigns_show_has_applied" time="0.118" /><testcase classname="backend.tests.test_ugc_refactor_retrocompat.TestAvailableCampaigns" name="test_available_campaigns_show_slots_available" time="0.121" /><testcase classname="backend.tests.test_ugc_refactor_retrocompat.TestCreatorProfile" name="test_get_creator_profile" time="0.105" /><testcase classname="backend.tests.test_ugc_refactor_retrocompat.TestCreatorProfile" name="test_creator_profile_has_name" time="0.115" /><testcase classname="backend.tests.test_ugc_refactor_retrocompat.TestCreatorProfile" name="test_creator_profile_requires_auth" time="0.128" /><testcase classname="backend.tests.test_ugc_refactor_retrocompat.TestCreatorApplications" name="test_get_my_applications" time="0.121" /><testcase classname="backend.tests.test_ugc_refactor_retrocompat.TestCreatorApplications" name="test_applications_include_campaign_info" time="0.131" /><testcase classname="backend.tests.test_ugc_refactor_retrocompat.TestCreatorApplications" name="test_applications_requires_creator_profile" time="0.131" /><testcase classname="backend.tests.test_ugc_refactor_retrocompat.TestBrandProfile" name="test_get_brand_profile" time="0.111" /><testcase classname="backend.tests.test_ugc_refactor_retrocompat.TestBrandProfile" name="test_brand_profile_requires_auth" time="0.128" /><testcase classname="backend.tests.test_ugc_refactor_retrocompat.TestRetrocompatibility" name="test_brand_dashboard_uses_or_query_for_brand_id" time="0.146" /><testcase classname="backend.tests.test_ugc_refactor_retrocompat.TestRetrocompatibility" name="test_campaign_detail_uses_or_query" time="0.259" /><testcase classname="backend.tests.test_ugc_refactor_retrocompat.TestRetrocompatibility" name="test_applications_enriched_with_brand_company_name" time="0.702" /><testcase classname="backend.tests.test_ugc_refactor_retrocompat.TestEdgeCases" name="test_unauthorized_access_returns_401" time="0.696" /><testcase classname="backend.tests.test_ugc_refactor_retrocompat.TestEdgeCases" name="test_invalid_token_returns_401" time="0.124" /></testsuite></testsuites>