<?xml version="1.0" encoding="utf-8"?><testsuites name="pytest tests"><testsuite name="pytest" errors="0" failures="0" skipped="0" tests="11" time="3.263" timestamp="2026-01-26T19:32:08.915337+00:00" hostname="agent-env-c0cd13a3-735e-4722-a1bb-ebd7f8155774"><testcase classname="tests.test_onboarding_bugs.TestAuthEndpoints" name="test_login_returns_profile_flags" time="0.370" /><testcase classname="tests.test_onboarding_bugs.TestAuthEndpoints" name="test_login_test_user_no_profiles" time="0.268" /><testcase classname="tests.test_onboarding_bugs.TestAuthEndpoints" name="test_auth_me_returns_profile_flags" time="0.313" /><testcase classname="tests.test_onboarding_bugs.TestBrandProfileEndpoints" name="test_brands_me_returns_profile_for_admin" time="0.307" /><testcase classname="tests.test_onboarding_bugs.TestBrandProfileEndpoints" name="test_brands_me_returns_404_for_user_without_profile" time="0.316" /><testcase classname="tests.test_onboarding_bugs.TestCreatorProfileEndpoints" name="test_creators_me_returns_profile_for_admin" time="0.317" /><testcase classname="tests.test_onboarding_bugs.TestCreatorProfileEndpoints" name="test_creators_me_returns_404_for_user_without_profile" time="0.308" /><testcase classname="tests.test_onboarding_bugs.TestRegistrationWithTerms" name="test_register_endpoint_accepts_terms_field" time="0.269" /><testcase classname="tests.test_onboarding_bugs.TestRegistrationWithTerms" name="test_register_without_terms_still_works" time="0.263" /><testcase classname="tests.test_onboarding_bugs.TestGoogleOAuthTerms" name="test_google_callback_endpoint_exists" time="0.147" /><testcase classname="tests.test_onboarding_bugs.TestTermsAcceptanceEndpoint" name="test_terms_accept_endpoint_exists" time="0.320" /></testsuite></testsuites>