<?xml version="1.0" encoding="utf-8"?><testsuites name="pytest tests"><testsuite name="pytest" errors="0" failures="0" skipped="0" tests="25" time="1.650" timestamp="2026-01-09T16:46:58.853973+00:00" hostname="agent-env-0aebc313-976b-4a93-bd96-fb45450dc613"><testcase classname="tests.test_brand_reports.TestMetricsReport" name="test_metrics_endpoint_returns_200" time="0.377" /><testcase classname="tests.test_brand_reports.TestMetricsReport" name="test_metrics_response_structure" time="0.044" /><testcase classname="tests.test_brand_reports.TestMetricsReport" name="test_metrics_data_fields" time="0.042" /><testcase classname="tests.test_brand_reports.TestMetricsReport" name="test_metrics_platform_filter_tiktok" time="0.047" /><testcase classname="tests.test_brand_reports.TestMetricsReport" name="test_metrics_platform_filter_instagram" time="0.040" /><testcase classname="tests.test_brand_reports.TestMetricsReport" name="test_metrics_requires_auth" time="0.043" /><testcase classname="tests.test_brand_reports.TestMetricsReport" name="test_metrics_invalid_campaign_returns_404" time="0.039" /><testcase classname="tests.test_brand_reports.TestDemographicsReport" name="test_demographics_endpoint_returns_200" time="0.038" /><testcase classname="tests.test_brand_reports.TestDemographicsReport" name="test_demographics_response_structure" time="0.041" /><testcase classname="tests.test_brand_reports.TestDemographicsReport" name="test_demographics_gender_data" time="0.076" /><testcase classname="tests.test_brand_reports.TestDemographicsReport" name="test_demographics_age_ranges_data" time="0.048" /><testcase classname="tests.test_brand_reports.TestDemographicsReport" name="test_demographics_countries_data" time="0.040" /><testcase classname="tests.test_brand_reports.TestDemographicsReport" name="test_demographics_platform_filter_changes_age" time="0.162" /><testcase classname="tests.test_brand_reports.TestDemographicsReport" name="test_demographics_requires_auth" time="0.038" /><testcase classname="tests.test_brand_reports.TestDemographicsReport" name="test_demographics_invalid_campaign_returns_404" time="0.037" /><testcase classname="tests.test_brand_reports.TestApplicantsReport" name="test_applicants_endpoint_returns_200" time="0.051" /><testcase classname="tests.test_brand_reports.TestApplicantsReport" name="test_applicants_response_structure" time="0.051" /><testcase classname="tests.test_brand_reports.TestApplicantsReport" name="test_applicants_data_fields" time="0.052" /><testcase classname="tests.test_brand_reports.TestApplicantsReport" name="test_applicants_level_values" time="0.047" /><testcase classname="tests.test_brand_reports.TestApplicantsReport" name="test_applicants_dot_percent_range" time="0.051" /><testcase classname="tests.test_brand_reports.TestApplicantsReport" name="test_applicants_sorted_by_dot_percent" time="0.047" /><testcase classname="tests.test_brand_reports.TestApplicantsReport" name="test_applicants_requires_auth" time="0.037" /><testcase classname="tests.test_brand_reports.TestApplicantsReport" name="test_applicants_invalid_campaign_returns_404" time="0.042" /><testcase classname="tests.test_brand_reports.TestCampaignAccess" name="test_get_campaign_details" time="0.038" /><testcase classname="tests.test_brand_reports.TestCampaignAccess" name="test_get_brand_campaigns" time="0.035" /></testsuite></testsuites>