<?xml version="1.0" encoding="utf-8"?><testsuites name="pytest tests"><testsuite name="pytest" errors="0" failures="2" skipped="3" tests="12" time="3.306" timestamp="2026-01-22T19:20:45.708794+00:00" hostname="agent-env-186bdb54-61f4-4887-b4f6-4de6024543f2"><testcase classname="tests.test_admin_creators_enriched.TestAdminCreatorsEnriched" name="test_admin_login" time="0.527"><failure message="AssertionError: assert None == 'admin'&#10; +  where None = &lt;built-in method get of dict object at 0xfde35eeaa740&gt;('role')&#10; +    where &lt;built-in method get of dict object at 0xfde35eeaa740&gt; = {}.get&#10; +      where {} = &lt;built-in method get of dict object at 0xfde35eeab340&gt;('user', {})&#10; +        where &lt;built-in method get of dict object at 0xfde35eeab340&gt; = {'email': 'avenuepy@gmail.com', 'has_brand_profile': True, 'has_creator_profile': True, 'name': 'Avenue Admin', ...}.get">tests/test_admin_creators_enriched.py:44: in test_admin_login
    assert data.get("user", {}).get("role") == "admin"
E   AssertionError: assert None == 'admin'
E    +  where None = &lt;built-in method get of dict object at 0xfde35eeaa740&gt;('role')
E    +    where &lt;built-in method get of dict object at 0xfde35eeaa740&gt; = {}.get
E    +      where {} = &lt;built-in method get of dict object at 0xfde35eeab340&gt;('user', {})
E    +        where &lt;built-in method get of dict object at 0xfde35eeab340&gt; = {'email': 'avenuepy@gmail.com', 'has_brand_profile': True, 'has_creator_profile': True, 'name': 'Avenue Admin', ...}.get</failure></testcase><testcase classname="tests.test_admin_creators_enriched.TestAdminCreatorsEnriched" name="test_get_creators_endpoint" time="0.284" /><testcase classname="tests.test_admin_creators_enriched.TestAdminCreatorsEnriched" name="test_creators_have_enriched_fields" time="0.343" /><testcase classname="tests.test_admin_creators_enriched.TestAdminCreatorsEnriched" name="test_creator_basic_fields" time="0.289" /><testcase classname="tests.test_admin_creators_enriched.TestAdminCreatorsEnriched" name="test_creator_level_filter" time="0.331"><failure message="assert 422 == 200&#10; +  where 422 = &lt;Response [422]&gt;.status_code">tests/test_admin_creators_enriched.py:116: in test_creator_level_filter
    assert response.status_code == 200
E   assert 422 == 200
E    +  where 422 = &lt;Response [422]&gt;.status_code</failure></testcase><testcase classname="tests.test_admin_creators_enriched.TestAdminCreatorsEnriched" name="test_creator_active_filter" time="0.341" /><testcase classname="tests.test_admin_creators_enriched.TestAdminCreatorsEnriched" name="test_creator_reviews_endpoint" time="0.287" /><testcase classname="tests.test_admin_creators_enriched.TestAdminCreatorsEnriched" name="test_creator_reviews_have_brand_name" time="0.335" /><testcase classname="tests.test_admin_creators_enriched.TestAdminCreatorsEnriched" name="test_creator_reviews_404_for_invalid_id" time="0.277" /><testcase classname="tests.test_admin_creators_enriched.TestAdminCreatorsEnriched" name="test_verify_creator_endpoint" time="0.035"><skipped type="pytest.skip" message="Admin login failed: 429">/app/tests/test_admin_creators_enriched.py:208: Admin login failed: 429</skipped></testcase><testcase classname="tests.test_admin_creators_enriched.TestAdminCreatorsEnriched" name="test_metrics_endpoint" time="0.035"><skipped type="pytest.skip" message="Admin login failed: 429">/app/tests/test_admin_creators_enriched.py:241: Admin login failed: 429</skipped></testcase><testcase classname="tests.test_admin_creators_enriched.TestAdminCreatorsEnriched" name="test_social_accounts_structure" time="0.039"><skipped type="pytest.skip" message="Admin login failed: 429">/app/tests/test_admin_creators_enriched.py:268: Admin login failed: 429</skipped></testcase></testsuite></testsuites>