<?xml version="1.0" encoding="utf-8"?><testsuites name="pytest tests"><testsuite name="pytest" errors="0" failures="1" skipped="0" tests="20" time="11.191" timestamp="2026-01-27T01:21:30.458837+00:00" hostname="agent-env-d565b1a4-c1e7-4bac-8f5d-c0317b60ed6f"><testcase classname="backend.tests.test_creator_onboarding_5step.TestOnboardingEndpointExists" name="test_onboarding_endpoint_requires_auth" time="0.099"><failure message="AssertionError: Expected 401 for unauthenticated request, got 422&#10;assert 422 == 401&#10; +  where 422 = &lt;Response [422]&gt;.status_code">backend/tests/test_creator_onboarding_5step.py:67: in test_onboarding_endpoint_requires_auth
    assert response.status_code == 401, f"Expected 401 for unauthenticated request, got {response.status_code}"
E   AssertionError: Expected 401 for unauthenticated request, got 422
E   assert 422 == 401
E    +  where 422 = &lt;Response [422]&gt;.status_code</failure></testcase><testcase classname="backend.tests.test_creator_onboarding_5step.TestOnboardingEndpointExists" name="test_onboarding_endpoint_exists" time="0.414" /><testcase classname="backend.tests.test_creator_onboarding_5step.TestAgeValidation" name="test_rejects_underage_user" time="0.318" /><testcase classname="backend.tests.test_creator_onboarding_5step.TestAgeValidation" name="test_accepts_adult_user" time="0.744" /><testcase classname="backend.tests.test_creator_onboarding_5step.TestTermsValidation" name="test_rejects_without_terms_acceptance" time="0.311" /><testcase classname="backend.tests.test_creator_onboarding_5step.TestPhoneFullConstruction" name="test_phone_full_saved_correctly" time="0.677" /><testcase classname="backend.tests.test_creator_onboarding_5step.TestAllFieldsSaved" name="test_complete_onboarding_saves_all_fields" time="0.681" /><testcase classname="backend.tests.test_creator_onboarding_5step.TestAlreadyRegisteredUser" name="test_already_registered_returns_400" time="0.306" /><testcase classname="backend.tests.test_creator_onboarding_5step.TestGenderValues" name="test_gender_values_accepted[male]" time="0.675" /><testcase classname="backend.tests.test_creator_onboarding_5step.TestGenderValues" name="test_gender_values_accepted[female]" time="0.618" /><testcase classname="backend.tests.test_creator_onboarding_5step.TestGenderValues" name="test_gender_values_accepted[other]" time="0.833" /><testcase classname="backend.tests.test_creator_onboarding_5step.TestGenderValues" name="test_gender_values_accepted[prefer_not_to_say]" time="0.721" /><testcase classname="backend.tests.test_creator_onboarding_5step.TestEducationLevelValues" name="test_education_values_accepted[secondary]" time="0.635" /><testcase classname="backend.tests.test_creator_onboarding_5step.TestEducationLevelValues" name="test_education_values_accepted[technical]" time="0.678" /><testcase classname="backend.tests.test_creator_onboarding_5step.TestEducationLevelValues" name="test_education_values_accepted[university]" time="0.634" /><testcase classname="backend.tests.test_creator_onboarding_5step.TestEducationLevelValues" name="test_education_values_accepted[postgraduate]" time="0.776" /><testcase classname="backend.tests.test_creator_onboarding_5step.TestEducationLevelValues" name="test_education_values_accepted[other]" time="0.613" /><testcase classname="backend.tests.test_creator_onboarding_5step.TestEducationLevelValues" name="test_education_values_accepted[None]" time="0.716" /><testcase classname="backend.tests.test_creator_onboarding_5step.TestCreatorMeEndpoint" name="test_returns_404_for_user_without_profile" time="0.327" /><testcase classname="backend.tests.test_creator_onboarding_5step.TestCreatorMeEndpoint" name="test_returns_profile_for_registered_creator" time="0.303" /></testsuite></testsuites>