<?xml version="1.0" encoding="utf-8"?><testsuites name="pytest tests"><testsuite name="pytest" errors="0" failures="1" skipped="1" tests="11" time="3.317" timestamp="2026-01-22T18:40:52.698760+00:00" hostname="agent-env-186bdb54-61f4-4887-b4f6-4de6024543f2"><testcase classname="tests.test_view_applicants_enriched.TestAdminLogin" name="test_admin_login_success" time="0.290"><failure message="AssertionError: assert None == 'avenuepy@gmail.com'&#10; +  where None = &lt;built-in method get of dict object at 0xf93018d26d80&gt;('email')&#10; +    where &lt;built-in method get of dict object at 0xf93018d26d80&gt; = {}.get&#10; +      where {} = &lt;built-in method get of dict object at 0xf93018d266c0&gt;('user', {})&#10; +        where &lt;built-in method get of dict object at 0xf93018d266c0&gt; = {'email': 'avenuepy@gmail.com', 'has_brand_profile': True, 'has_creator_profile': True, 'name': 'Avenue Admin', ...}.get">tests/test_view_applicants_enriched.py:34: in test_admin_login_success
    assert data.get("user", {}).get("email") == ADMIN_EMAIL
E   AssertionError: assert None == 'avenuepy@gmail.com'
E    +  where None = &lt;built-in method get of dict object at 0xf93018d26d80&gt;('email')
E    +    where &lt;built-in method get of dict object at 0xf93018d26d80&gt; = {}.get
E    +      where {} = &lt;built-in method get of dict object at 0xf93018d266c0&gt;('user', {})
E    +        where &lt;built-in method get of dict object at 0xf93018d266c0&gt; = {'email': 'avenuepy@gmail.com', 'has_brand_profile': True, 'has_creator_profile': True, 'name': 'Avenue Admin', ...}.get</failure></testcase><testcase classname="tests.test_view_applicants_enriched.TestEnrichedApplicationsEndpoint" name="test_get_campaign_applications_returns_200" time="0.312" /><testcase classname="tests.test_view_applicants_enriched.TestEnrichedApplicationsEndpoint" name="test_applications_have_creator_data" time="0.359" /><testcase classname="tests.test_view_applicants_enriched.TestEnrichedApplicationsEndpoint" name="test_creator_has_social_accounts_info" time="0.313" /><testcase classname="tests.test_view_applicants_enriched.TestEnrichedApplicationsEndpoint" name="test_creator_has_campaigns_participated" time="0.309" /><testcase classname="tests.test_view_applicants_enriched.TestEnrichedApplicationsEndpoint" name="test_creator_has_avg_metrics" time="0.312" /><testcase classname="tests.test_view_applicants_enriched.TestEnrichedApplicationsEndpoint" name="test_creator_has_rating_info" time="0.328" /><testcase classname="tests.test_view_applicants_enriched.TestEnrichedApplicationsEndpoint" name="test_creator_has_level" time="0.308" /><testcase classname="tests.test_view_applicants_enriched.TestEnrichedApplicationsEndpoint" name="test_invalid_campaign_returns_404" time="0.302" /><testcase classname="tests.test_view_applicants_enriched.TestEnrichedApplicationsEndpoint" name="test_unauthorized_access_returns_401" time="0.302" /><testcase classname="tests.test_view_applicants_enriched.TestApplicationStatusUpdate" name="test_status_update_endpoint_exists" time="0.038"><skipped type="pytest.skip" message="Authentication failed">/app/tests/test_view_applicants_enriched.py:273: Authentication failed</skipped></testcase></testsuite></testsuites>