<?xml version="1.0" encoding="utf-8"?><testsuites name="pytest tests"><testsuite name="pytest" errors="0" failures="0" skipped="15" tests="30" time="8.129" timestamp="2026-02-15T01:16:12.430144+00:00" hostname="agent-env-cbdbd630-5ba2-4d14-a5f4-bd2025a74dfa"><testcase classname="backend.tests.test_ugc_refactor_retrocompat.TestAuthEndpoints" name="test_creator_login" time="0.383" /><testcase classname="backend.tests.test_ugc_refactor_retrocompat.TestAuthEndpoints" name="test_brand_login" time="0.404" /><testcase classname="backend.tests.test_ugc_refactor_retrocompat.TestAuthEndpoints" name="test_invalid_login" time="0.116" /><testcase classname="backend.tests.test_ugc_refactor_retrocompat.TestBrandDashboard" name="test_brand_dashboard_returns_profile" time="0.572" /><testcase classname="backend.tests.test_ugc_refactor_retrocompat.TestBrandDashboard" name="test_brand_dashboard_returns_stats" time="0.472" /><testcase classname="backend.tests.test_ugc_refactor_retrocompat.TestBrandDashboard" name="test_brand_dashboard_returns_campaigns" time="0.568" /><testcase classname="backend.tests.test_ugc_refactor_retrocompat.TestBrandDashboard" name="test_brand_dashboard_returns_recent_applications" time="0.525" /><testcase classname="backend.tests.test_ugc_refactor_retrocompat.TestBrandDashboard" name="test_brand_dashboard_requires_auth" time="0.115" /><testcase classname="backend.tests.test_ugc_refactor_retrocompat.TestBrandCampaignsList" name="test_get_my_campaigns" time="0.480" /><testcase classname="backend.tests.test_ugc_refactor_retrocompat.TestBrandCampaignsList" name="test_get_my_campaigns_requires_brand_profile" time="0.517" /><testcase classname="backend.tests.test_ugc_refactor_retrocompat.TestCampaignDetail" name="test_get_campaign_detail_with_brand_info" time="0.756" /><testcase classname="backend.tests.test_ugc_refactor_retrocompat.TestCampaignDetail" name="test_get_campaign_detail_shows_slots_available" time="0.108"><skipped type="pytest.skip" message="Creator authentication failed">/app/backend/tests/test_ugc_refactor_retrocompat.py:232: Creator authentication failed</skipped></testcase><testcase classname="backend.tests.test_ugc_refactor_retrocompat.TestCampaignDetail" name="test_campaign_not_found" time="0.141"><skipped type="pytest.skip" message="Creator authentication failed">/app/backend/tests/test_ugc_refactor_retrocompat.py:255: Creator authentication failed</skipped></testcase><testcase classname="backend.tests.test_ugc_refactor_retrocompat.TestAvailableCampaigns" name="test_get_available_campaigns" time="0.163"><skipped type="pytest.skip" message="Creator authentication failed">/app/backend/tests/test_ugc_refactor_retrocompat.py:267: Creator authentication failed</skipped></testcase><testcase classname="backend.tests.test_ugc_refactor_retrocompat.TestAvailableCampaigns" name="test_available_campaigns_include_brand_info" time="0.097"><skipped type="pytest.skip" message="Creator authentication failed">/app/backend/tests/test_ugc_refactor_retrocompat.py:281: Creator authentication failed</skipped></testcase><testcase classname="backend.tests.test_ugc_refactor_retrocompat.TestAvailableCampaigns" name="test_available_campaigns_show_has_applied" time="0.166"><skipped type="pytest.skip" message="Creator authentication failed">/app/backend/tests/test_ugc_refactor_retrocompat.py:301: Creator authentication failed</skipped></testcase><testcase classname="backend.tests.test_ugc_refactor_retrocompat.TestAvailableCampaigns" name="test_available_campaigns_show_slots_available" time="0.123"><skipped type="pytest.skip" message="Creator authentication failed">/app/backend/tests/test_ugc_refactor_retrocompat.py:317: Creator authentication failed</skipped></testcase><testcase classname="backend.tests.test_ugc_refactor_retrocompat.TestCreatorProfile" name="test_get_creator_profile" time="0.157"><skipped type="pytest.skip" message="Creator authentication failed">/app/backend/tests/test_ugc_refactor_retrocompat.py:337: Creator authentication failed</skipped></testcase><testcase classname="backend.tests.test_ugc_refactor_retrocompat.TestCreatorProfile" name="test_creator_profile_has_name" time="0.148"><skipped type="pytest.skip" message="Creator authentication failed">/app/backend/tests/test_ugc_refactor_retrocompat.py:352: Creator authentication failed</skipped></testcase><testcase classname="backend.tests.test_ugc_refactor_retrocompat.TestCreatorProfile" name="test_creator_profile_requires_auth" time="0.104" /><testcase classname="backend.tests.test_ugc_refactor_retrocompat.TestCreatorApplications" name="test_get_my_applications" time="0.106"><skipped type="pytest.skip" message="Creator authentication failed">/app/backend/tests/test_ugc_refactor_retrocompat.py:372: Creator authentication failed</skipped></testcase><testcase classname="backend.tests.test_ugc_refactor_retrocompat.TestCreatorApplications" name="test_applications_include_campaign_info" time="0.104"><skipped type="pytest.skip" message="Creator authentication failed">/app/backend/tests/test_ugc_refactor_retrocompat.py:384: Creator authentication failed</skipped></testcase><testcase classname="backend.tests.test_ugc_refactor_retrocompat.TestCreatorApplications" name="test_applications_requires_creator_profile" time="0.110"><skipped type="pytest.skip" message="Brand authentication failed">/app/backend/tests/test_ugc_refactor_retrocompat.py:403: Brand authentication failed</skipped></testcase><testcase classname="backend.tests.test_ugc_refactor_retrocompat.TestBrandProfile" name="test_get_brand_profile" time="0.139"><skipped type="pytest.skip" message="Brand authentication failed">/app/backend/tests/test_ugc_refactor_retrocompat.py:415: Brand authentication failed</skipped></testcase><testcase classname="backend.tests.test_ugc_refactor_retrocompat.TestBrandProfile" name="test_brand_profile_requires_auth" time="0.134" /><testcase classname="backend.tests.test_ugc_refactor_retrocompat.TestRetrocompatibility" name="test_brand_dashboard_uses_or_query_for_brand_id" time="0.137"><skipped type="pytest.skip" message="Brand authentication failed">/app/backend/tests/test_ugc_refactor_retrocompat.py:437: Brand authentication failed</skipped></testcase><testcase classname="backend.tests.test_ugc_refactor_retrocompat.TestRetrocompatibility" name="test_campaign_detail_uses_or_query" time="0.123"><skipped type="pytest.skip" message="Creator authentication failed">/app/backend/tests/test_ugc_refactor_retrocompat.py:449: Creator authentication failed</skipped></testcase><testcase classname="backend.tests.test_ugc_refactor_retrocompat.TestRetrocompatibility" name="test_applications_enriched_with_brand_company_name" time="0.143"><skipped type="pytest.skip" message="Creator authentication failed">/app/backend/tests/test_ugc_refactor_retrocompat.py:478: Creator authentication failed</skipped></testcase><testcase classname="backend.tests.test_ugc_refactor_retrocompat.TestEdgeCases" name="test_unauthorized_access_returns_401" time="0.799" /><testcase classname="backend.tests.test_ugc_refactor_retrocompat.TestEdgeCases" name="test_invalid_token_returns_401" time="0.113" /></testsuite></testsuites>