<?xml version="1.0" encoding="utf-8"?><testsuites name="pytest tests"><testsuite name="pytest" errors="0" failures="0" skipped="0" tests="18" time="2.388" timestamp="2026-01-25T17:15:40.264905+00:00" hostname="agent-env-94885369-8ef1-49c7-a34e-efd842ef040f"><testcase classname="backend.tests.test_notifications_and_export.TestAuth" name="test_admin_login" time="0.348" /><testcase classname="backend.tests.test_notifications_and_export.TestCreatorsExportCSV" name="test_export_creators_csv_endpoint_exists" time="0.315" /><testcase classname="backend.tests.test_notifications_and_export.TestCreatorsExportCSV" name="test_export_creators_csv_has_headers" time="0.051" /><testcase classname="backend.tests.test_notifications_and_export.TestCreatorsExportCSV" name="test_export_creators_csv_with_level_filter" time="0.043" /><testcase classname="backend.tests.test_notifications_and_export.TestCreatorsExportCSV" name="test_export_creators_csv_with_active_filter" time="0.043" /><testcase classname="backend.tests.test_notifications_and_export.TestCreatorsExportCSV" name="test_export_creators_csv_has_content_disposition" time="0.046" /><testcase classname="backend.tests.test_notifications_and_export.TestCreatorsExportCSV" name="test_export_creators_requires_auth" time="0.041" /><testcase classname="backend.tests.test_notifications_and_export.TestCreatorsExportCSV" name="test_export_creators_requires_admin" time="0.049" /><testcase classname="backend.tests.test_notifications_and_export.TestNotificationsSystem" name="test_get_notifications_endpoint_exists" time="0.304" /><testcase classname="backend.tests.test_notifications_and_export.TestNotificationsSystem" name="test_get_notifications_with_limit" time="0.039" /><testcase classname="backend.tests.test_notifications_and_export.TestNotificationsSystem" name="test_get_notifications_unread_only" time="0.045" /><testcase classname="backend.tests.test_notifications_and_export.TestNotificationsSystem" name="test_get_unread_count_endpoint" time="0.037" /><testcase classname="backend.tests.test_notifications_and_export.TestNotificationsSystem" name="test_mark_read_endpoint" time="0.078" /><testcase classname="backend.tests.test_notifications_and_export.TestNotificationsSystem" name="test_mark_all_read_endpoint" time="0.039" /><testcase classname="backend.tests.test_notifications_and_export.TestNotificationsSystem" name="test_delete_notification_endpoint" time="0.081" /><testcase classname="backend.tests.test_notifications_and_export.TestNotificationsSystem" name="test_notifications_require_auth" time="0.149" /><testcase classname="backend.tests.test_notifications_and_export.TestNotificationStructure" name="test_notification_has_required_fields" time="0.299" /><testcase classname="backend.tests.test_notifications_and_export.TestAdminCreatorsEndpoint" name="test_get_creators_list" time="0.307" /></testsuite></testsuites>