<?xml version="1.0" encoding="utf-8"?><testsuites name="pytest tests"><testsuite name="pytest" errors="0" failures="2" skipped="0" tests="18" time="2.488" timestamp="2026-01-25T17:14:01.565219+00:00" hostname="agent-env-94885369-8ef1-49c7-a34e-efd842ef040f"><testcase classname="backend.tests.test_notifications_and_export.TestAuth" name="test_admin_login" time="0.365"><failure message="AssertionError: assert 'user' in {'email': 'avenuepy@gmail.com', 'has_brand_profile': True, 'has_creator_profile': True, 'name': 'Avenue Admin', ...}">backend/tests/test_notifications_and_export.py:50: in test_admin_login
    assert "user" in data
E   AssertionError: assert 'user' in {'email': 'avenuepy@gmail.com', 'has_brand_profile': True, 'has_creator_profile': True, 'name': 'Avenue Admin', ...}</failure></testcase><testcase classname="backend.tests.test_notifications_and_export.TestCreatorsExportCSV" name="test_export_creators_csv_endpoint_exists" time="0.318" /><testcase classname="backend.tests.test_notifications_and_export.TestCreatorsExportCSV" name="test_export_creators_csv_has_headers" time="0.052" /><testcase classname="backend.tests.test_notifications_and_export.TestCreatorsExportCSV" name="test_export_creators_csv_with_level_filter" time="0.047" /><testcase classname="backend.tests.test_notifications_and_export.TestCreatorsExportCSV" name="test_export_creators_csv_with_active_filter" time="0.040" /><testcase classname="backend.tests.test_notifications_and_export.TestCreatorsExportCSV" name="test_export_creators_csv_has_content_disposition" time="0.055" /><testcase classname="backend.tests.test_notifications_and_export.TestCreatorsExportCSV" name="test_export_creators_requires_auth" time="0.045" /><testcase classname="backend.tests.test_notifications_and_export.TestCreatorsExportCSV" name="test_export_creators_requires_admin" time="0.047" /><testcase classname="backend.tests.test_notifications_and_export.TestNotificationsSystem" name="test_get_notifications_endpoint_exists" time="0.307" /><testcase classname="backend.tests.test_notifications_and_export.TestNotificationsSystem" name="test_get_notifications_with_limit" time="0.082" /><testcase classname="backend.tests.test_notifications_and_export.TestNotificationsSystem" name="test_get_notifications_unread_only" time="0.042" /><testcase classname="backend.tests.test_notifications_and_export.TestNotificationsSystem" name="test_get_unread_count_endpoint" time="0.038" /><testcase classname="backend.tests.test_notifications_and_export.TestNotificationsSystem" name="test_mark_read_endpoint" time="0.080" /><testcase classname="backend.tests.test_notifications_and_export.TestNotificationsSystem" name="test_mark_all_read_endpoint" time="0.039" /><testcase classname="backend.tests.test_notifications_and_export.TestNotificationsSystem" name="test_delete_notification_endpoint" time="0.076" /><testcase classname="backend.tests.test_notifications_and_export.TestNotificationsSystem" name="test_notifications_require_auth" time="0.152" /><testcase classname="backend.tests.test_notifications_and_export.TestNotificationStructure" name="test_notification_has_required_fields" time="0.300" /><testcase classname="backend.tests.test_notifications_and_export.TestAdminCreatorsEndpoint" name="test_get_creators_list" time="0.307"><failure message="AssertionError: Failed: 520 - Internal Server Error&#10;assert 520 == 200&#10; +  where 520 = &lt;Response [520]&gt;.status_code">backend/tests/test_notifications_and_export.py:357: in test_get_creators_list
    assert response.status_code == 200, f"Failed: {response.status_code} - {response.text}"
E   AssertionError: Failed: 520 - Internal Server Error
E   assert 520 == 200
E    +  where 520 = &lt;Response [520]&gt;.status_code</failure></testcase></testsuite></testsuites>