<?xml version="1.0" encoding="utf-8"?><testsuites name="pytest tests"><testsuite name="pytest" errors="0" failures="0" skipped="0" tests="20" time="1.289" timestamp="2026-01-24T02:28:36.739856+00:00" hostname="agent-env-d2ef9164-b94b-4b1d-ac91-cc7c277f8ca5"><testcase classname="backend.tests.test_brand_campaign_reports.TestDemographicsEndpoint" name="test_demographics_returns_200" time="0.371" /><testcase classname="backend.tests.test_brand_campaign_reports.TestDemographicsEndpoint" name="test_demographics_has_gender_data" time="0.035" /><testcase classname="backend.tests.test_brand_campaign_reports.TestDemographicsEndpoint" name="test_demographics_has_age_ranges" time="0.041" /><testcase classname="backend.tests.test_brand_campaign_reports.TestDemographicsEndpoint" name="test_demographics_has_countries" time="0.041" /><testcase classname="backend.tests.test_brand_campaign_reports.TestDemographicsEndpoint" name="test_demographics_has_data_flag" time="0.039" /><testcase classname="backend.tests.test_brand_campaign_reports.TestDemographicsEndpoint" name="test_demographics_requires_auth" time="0.034" /><testcase classname="backend.tests.test_brand_campaign_reports.TestDemographicsEndpoint" name="test_demographics_with_platform_filter" time="0.085" /><testcase classname="backend.tests.test_brand_campaign_reports.TestDemographicsEndpoint" name="test_demographics_invalid_campaign" time="0.035" /><testcase classname="backend.tests.test_brand_campaign_reports.TestDetailedMetricsEndpoint" name="test_detailed_metrics_returns_200" time="0.035" /><testcase classname="backend.tests.test_brand_campaign_reports.TestDetailedMetricsEndpoint" name="test_detailed_metrics_has_metrics_array" time="0.075" /><testcase classname="backend.tests.test_brand_campaign_reports.TestDetailedMetricsEndpoint" name="test_detailed_metrics_structure" time="0.036" /><testcase classname="backend.tests.test_brand_campaign_reports.TestDetailedMetricsEndpoint" name="test_detailed_metrics_requires_auth" time="0.032" /><testcase classname="backend.tests.test_brand_campaign_reports.TestDetailedMetricsEndpoint" name="test_detailed_metrics_with_platform_filter" time="0.036" /><testcase classname="backend.tests.test_brand_campaign_reports.TestDetailedMetricsEndpoint" name="test_detailed_metrics_with_month_filter" time="0.040" /><testcase classname="backend.tests.test_brand_campaign_reports.TestApplicantsReportEndpoint" name="test_applicants_report_returns_200" time="0.033" /><testcase classname="backend.tests.test_brand_campaign_reports.TestApplicantsReportEndpoint" name="test_applicants_report_has_applicants_array" time="0.078" /><testcase classname="backend.tests.test_brand_campaign_reports.TestApplicantsReportEndpoint" name="test_applicants_report_requires_auth" time="0.031" /><testcase classname="backend.tests.test_brand_campaign_reports.TestApplicantsReportEndpoint" name="test_applicants_report_invalid_campaign" time="0.073" /><testcase classname="backend.tests.test_brand_campaign_reports.TestCampaignEndpoint" name="test_campaign_returns_200" time="0.033" /><testcase classname="backend.tests.test_brand_campaign_reports.TestCampaignEndpoint" name="test_campaign_has_required_fields" time="0.038" /></testsuite></testsuites>