<?xml version="1.0" encoding="utf-8"?><testsuites name="pytest tests"><testsuite name="pytest" errors="0" failures="5" skipped="1" tests="14" time="3.953" timestamp="2026-01-10T00:45:44.635788+00:00" hostname="agent-env-ee638638-3988-4467-9851-a57c2ea2c835"><testcase classname="tests.test_p0_features.TestAdminLogin" name="test_admin_login_success" time="0.346"><failure message="AssertionError: No user in response&#10;assert 'user' in {'email': 'avenuepy@gmail.com', 'name': 'Avenue Admin', 'role': 'superadmin', 'token': 'eyJhbGciOiJIUzI1NiIsInR5cCI6IkpXVCJ9.eyJ1c2VyX2lkIjoidXNlcl81OTVjOTZmN2M2MzEiLCJlbWFpbCI6ImF2ZW51ZXB5QGdtYWlsLmNvbSIsInJvbGUiOiJzdXBlcmFkbWluIiwibWZhX3ZlcmlmaWVkIjp0cnVlLCJleHAiOjE3NjgwNDkxNDUsImlhdCI6MTc2ODAwNTk0NX0.u5lxpKIHusJIxZmHjfUJSW5mBS9LtbIQ8KEKhEvQbBk', ...}">tests/test_p0_features.py:31: in test_admin_login_success
    assert "user" in data, "No user in response"
E   AssertionError: No user in response
E   assert 'user' in {'email': 'avenuepy@gmail.com', 'name': 'Avenue Admin', 'role': 'superadmin', 'token': 'eyJhbGciOiJIUzI1NiIsInR5cCI6IkpXVCJ9.eyJ1c2VyX2lkIjoidXNlcl81OTVjOTZmN2M2MzEiLCJlbWFpbCI6ImF2ZW51ZXB5QGdtYWlsLmNvbSIsInJvbGUiOiJzdXBlcmFkbWluIiwibWZhX3ZlcmlmaWVkIjp0cnVlLCJleHAiOjE3NjgwNDkxNDUsImlhdCI6MTc2ODAwNTk0NX0.u5lxpKIHusJIxZmHjfUJSW5mBS9LtbIQ8KEKhEvQbBk', ...}</failure></testcase><testcase classname="tests.test_p0_features.TestAdminStatsEndpoint" name="test_stats_endpoint_requires_auth" time="0.253" /><testcase classname="tests.test_p0_features.TestAdminStatsEndpoint" name="test_stats_endpoint_default_period" time="0.416" /><testcase classname="tests.test_p0_features.TestAdminStatsEndpoint" name="test_stats_endpoint_7d_period" time="0.314" /><testcase classname="tests.test_p0_features.TestAdminStatsEndpoint" name="test_stats_endpoint_90d_period" time="0.312" /><testcase classname="tests.test_p0_features.TestAdminStatsEndpoint" name="test_stats_endpoint_all_period" time="0.355" /><testcase classname="tests.test_p0_features.TestCreatorFeedbackEndpoint" name="test_feedback_endpoint_requires_auth" time="0.042" /><testcase classname="tests.test_p0_features.TestCreatorFeedbackEndpoint" name="test_feedback_endpoint_returns_structure" time="0.299"><skipped type="pytest.skip" message="User is not a creator - endpoint works but no creator profile">/app/tests/test_p0_features.py:166: User is not a creator - endpoint works but no creator profile</skipped></testcase><testcase classname="tests.test_p0_features.TestFileUploadEndpoint" name="test_upload_requires_auth" time="0.037"><failure message="AssertionError: Expected 401, got 404&#10;assert 404 == 401&#10; +  where 404 = &lt;Response [404]&gt;.status_code">tests/test_p0_features.py:205: in test_upload_requires_auth
    assert response.status_code == 401, f"Expected 401, got {response.status_code}"
E   AssertionError: Expected 401, got 404
E   assert 404 == 401
E    +  where 404 = &lt;Response [404]&gt;.status_code</failure></testcase><testcase classname="tests.test_p0_features.TestFileUploadEndpoint" name="test_upload_rejects_invalid_file_type" time="0.302"><failure message="AssertionError: Expected 400, got 404&#10;assert 404 == 400&#10; +  where 404 = &lt;Response [404]&gt;.status_code">tests/test_p0_features.py:213: in test_upload_rejects_invalid_file_type
    assert response.status_code == 400, f"Expected 400, got {response.status_code}"
E   AssertionError: Expected 400, got 404
E   assert 404 == 400
E    +  where 404 = &lt;Response [404]&gt;.status_code</failure></testcase><testcase classname="tests.test_p0_features.TestFileUploadEndpoint" name="test_upload_accepts_jpeg" time="0.294"><failure message="AssertionError: Upload failed: {&quot;detail&quot;:&quot;Not Found&quot;}&#10;assert 404 == 200&#10; +  where 404 = &lt;Response [404]&gt;.status_code">tests/test_p0_features.py:258: in test_upload_accepts_jpeg
    assert response.status_code == 200, f"Upload failed: {response.text}"
E   AssertionError: Upload failed: {"detail":"Not Found"}
E   assert 404 == 200
E    +  where 404 = &lt;Response [404]&gt;.status_code</failure></testcase><testcase classname="tests.test_p0_features.TestFileUploadEndpoint" name="test_upload_accepts_png" time="0.318"><failure message="AssertionError: Upload failed: {&quot;detail&quot;:&quot;Not Found&quot;}&#10;assert 404 == 200&#10; +  where 404 = &lt;Response [404]&gt;.status_code">tests/test_p0_features.py:282: in test_upload_accepts_png
    assert response.status_code == 200, f"Upload failed: {response.text}"
E   AssertionError: Upload failed: {"detail":"Not Found"}
E   assert 404 == 200
E    +  where 404 = &lt;Response [404]&gt;.status_code</failure></testcase><testcase classname="tests.test_p0_features.TestAdminDashboardEndpoint" name="test_dashboard_requires_auth" time="0.042" /><testcase classname="tests.test_p0_features.TestAdminDashboardEndpoint" name="test_dashboard_returns_data" time="0.309" /></testsuite></testsuites>