<?xml version="1.0" encoding="utf-8"?><testsuites name="pytest tests"><testsuite name="pytest" errors="0" failures="15" skipped="0" tests="30" time="8.482" timestamp="2026-02-15T01:17:17.033547+00:00" hostname="agent-env-cbdbd630-5ba2-4d14-a5f4-bd2025a74dfa"><testcase classname="backend.tests.test_ugc_refactor_retrocompat.TestAuthEndpoints" name="test_creator_login" time="0.428" /><testcase classname="backend.tests.test_ugc_refactor_retrocompat.TestAuthEndpoints" name="test_brand_login" time="0.343" /><testcase classname="backend.tests.test_ugc_refactor_retrocompat.TestAuthEndpoints" name="test_invalid_login" time="0.121" /><testcase classname="backend.tests.test_ugc_refactor_retrocompat.TestBrandDashboard" name="test_brand_dashboard_returns_profile" time="0.459" /><testcase classname="backend.tests.test_ugc_refactor_retrocompat.TestBrandDashboard" name="test_brand_dashboard_returns_stats" time="0.557" /><testcase classname="backend.tests.test_ugc_refactor_retrocompat.TestBrandDashboard" name="test_brand_dashboard_returns_campaigns" time="0.575" /><testcase classname="backend.tests.test_ugc_refactor_retrocompat.TestBrandDashboard" name="test_brand_dashboard_returns_recent_applications" time="0.448" /><testcase classname="backend.tests.test_ugc_refactor_retrocompat.TestBrandDashboard" name="test_brand_dashboard_requires_auth" time="0.129" /><testcase classname="backend.tests.test_ugc_refactor_retrocompat.TestBrandCampaignsList" name="test_get_my_campaigns" time="0.459" /><testcase classname="backend.tests.test_ugc_refactor_retrocompat.TestBrandCampaignsList" name="test_get_my_campaigns_requires_brand_profile" time="0.521" /><testcase classname="backend.tests.test_ugc_refactor_retrocompat.TestCampaignDetail" name="test_get_campaign_detail_with_brand_info" time="0.617" /><testcase classname="backend.tests.test_ugc_refactor_retrocompat.TestCampaignDetail" name="test_get_campaign_detail_shows_slots_available" time="0.148"><failure message="AssertionError: Failed to get creator token&#10;assert None">backend/tests/test_ugc_refactor_retrocompat.py:254: in test_get_campaign_detail_shows_slots_available
    assert token, "Failed to get creator token"
E   AssertionError: Failed to get creator token
E   assert None</failure></testcase><testcase classname="backend.tests.test_ugc_refactor_retrocompat.TestCampaignDetail" name="test_campaign_not_found" time="0.106"><failure message="AssertionError: Failed to get creator token&#10;assert None">backend/tests/test_ugc_refactor_retrocompat.py:280: in test_campaign_not_found
    assert token, "Failed to get creator token"
E   AssertionError: Failed to get creator token
E   assert None</failure></testcase><testcase classname="backend.tests.test_ugc_refactor_retrocompat.TestAvailableCampaigns" name="test_get_available_campaigns" time="0.157"><failure message="AssertionError: Failed to get creator token&#10;assert None">backend/tests/test_ugc_refactor_retrocompat.py:295: in test_get_available_campaigns
    assert token, "Failed to get creator token"
E   AssertionError: Failed to get creator token
E   assert None</failure></testcase><testcase classname="backend.tests.test_ugc_refactor_retrocompat.TestAvailableCampaigns" name="test_available_campaigns_include_brand_info" time="0.142"><failure message="AssertionError: Failed to get creator token&#10;assert None">backend/tests/test_ugc_refactor_retrocompat.py:312: in test_available_campaigns_include_brand_info
    assert token, "Failed to get creator token"
E   AssertionError: Failed to get creator token
E   assert None</failure></testcase><testcase classname="backend.tests.test_ugc_refactor_retrocompat.TestAvailableCampaigns" name="test_available_campaigns_show_has_applied" time="0.109"><failure message="AssertionError: Failed to get creator token&#10;assert None">backend/tests/test_ugc_refactor_retrocompat.py:335: in test_available_campaigns_show_has_applied
    assert token, "Failed to get creator token"
E   AssertionError: Failed to get creator token
E   assert None</failure></testcase><testcase classname="backend.tests.test_ugc_refactor_retrocompat.TestAvailableCampaigns" name="test_available_campaigns_show_slots_available" time="0.116"><failure message="AssertionError: Failed to get creator token&#10;assert None">backend/tests/test_ugc_refactor_retrocompat.py:354: in test_available_campaigns_show_slots_available
    assert token, "Failed to get creator token"
E   AssertionError: Failed to get creator token
E   assert None</failure></testcase><testcase classname="backend.tests.test_ugc_refactor_retrocompat.TestCreatorProfile" name="test_get_creator_profile" time="0.118"><failure message="AssertionError: Failed to get creator token&#10;assert None">backend/tests/test_ugc_refactor_retrocompat.py:377: in test_get_creator_profile
    assert token, "Failed to get creator token"
E   AssertionError: Failed to get creator token
E   assert None</failure></testcase><testcase classname="backend.tests.test_ugc_refactor_retrocompat.TestCreatorProfile" name="test_creator_profile_has_name" time="0.106"><failure message="AssertionError: Failed to get creator token&#10;assert None">backend/tests/test_ugc_refactor_retrocompat.py:395: in test_creator_profile_has_name
    assert token, "Failed to get creator token"
E   AssertionError: Failed to get creator token
E   assert None</failure></testcase><testcase classname="backend.tests.test_ugc_refactor_retrocompat.TestCreatorProfile" name="test_creator_profile_requires_auth" time="0.123" /><testcase classname="backend.tests.test_ugc_refactor_retrocompat.TestCreatorApplications" name="test_get_my_applications" time="0.116"><failure message="AssertionError: Failed to get creator token&#10;assert None">backend/tests/test_ugc_refactor_retrocompat.py:418: in test_get_my_applications
    assert token, "Failed to get creator token"
E   AssertionError: Failed to get creator token
E   assert None</failure></testcase><testcase classname="backend.tests.test_ugc_refactor_retrocompat.TestCreatorApplications" name="test_applications_include_campaign_info" time="0.171"><failure message="AssertionError: Failed to get creator token&#10;assert None">backend/tests/test_ugc_refactor_retrocompat.py:433: in test_applications_include_campaign_info
    assert token, "Failed to get creator token"
E   AssertionError: Failed to get creator token
E   assert None</failure></testcase><testcase classname="backend.tests.test_ugc_refactor_retrocompat.TestCreatorApplications" name="test_applications_requires_creator_profile" time="0.115"><failure message="AssertionError: Failed to get brand token&#10;assert None">backend/tests/test_ugc_refactor_retrocompat.py:456: in test_applications_requires_creator_profile
    assert token, "Failed to get brand token"
E   AssertionError: Failed to get brand token
E   assert None</failure></testcase><testcase classname="backend.tests.test_ugc_refactor_retrocompat.TestBrandProfile" name="test_get_brand_profile" time="0.105"><failure message="AssertionError: Failed to get brand token&#10;assert None">backend/tests/test_ugc_refactor_retrocompat.py:471: in test_get_brand_profile
    assert token, "Failed to get brand token"
E   AssertionError: Failed to get brand token
E   assert None</failure></testcase><testcase classname="backend.tests.test_ugc_refactor_retrocompat.TestBrandProfile" name="test_brand_profile_requires_auth" time="0.105" /><testcase classname="backend.tests.test_ugc_refactor_retrocompat.TestRetrocompatibility" name="test_brand_dashboard_uses_or_query_for_brand_id" time="0.167"><failure message="AssertionError: Failed to get brand token&#10;assert None">backend/tests/test_ugc_refactor_retrocompat.py:496: in test_brand_dashboard_uses_or_query_for_brand_id
    assert token, "Failed to get brand token"
E   AssertionError: Failed to get brand token
E   assert None</failure></testcase><testcase classname="backend.tests.test_ugc_refactor_retrocompat.TestRetrocompatibility" name="test_campaign_detail_uses_or_query" time="0.108"><failure message="AssertionError: Failed to get creator token&#10;assert None">backend/tests/test_ugc_refactor_retrocompat.py:511: in test_campaign_detail_uses_or_query
    assert token, "Failed to get creator token"
E   AssertionError: Failed to get creator token
E   assert None</failure></testcase><testcase classname="backend.tests.test_ugc_refactor_retrocompat.TestRetrocompatibility" name="test_applications_enriched_with_brand_company_name" time="0.114"><failure message="AssertionError: Failed to get creator token&#10;assert None">backend/tests/test_ugc_refactor_retrocompat.py:543: in test_applications_enriched_with_brand_company_name
    assert token, "Failed to get creator token"
E   AssertionError: Failed to get creator token
E   assert None</failure></testcase><testcase classname="backend.tests.test_ugc_refactor_retrocompat.TestEdgeCases" name="test_unauthorized_access_returns_401" time="1.375" /><testcase classname="backend.tests.test_ugc_refactor_retrocompat.TestEdgeCases" name="test_invalid_token_returns_401" time="0.129" /></testsuite></testsuites>